<?xml version="1.0" encoding="UTF-8"?>
<!-- Generated by org.testng.reporters.JUnitXMLReporter -->
<testsuite ignored="0" hostname="Vinoth_Vanee" failures="0" tests="1" name="Test" time="0.038" errors="0" timestamp="2023-08-14T00:40:25 SGT">
  <testcase classname="com.pageObjects.BaseClass" name="@BeforeSuite setUpSuite" time="0.142">
    <failure type="java.lang.NoSuchMethodError" message="&amp;apos;byte[] org.apache.commons.io.IOUtils.byteArray(int)&amp;apos;">
      <![CDATA[java.lang.NoSuchMethodError: 'byte[] org.apache.commons.io.IOUtils.byteArray(int)'
at org.apache.commons.io.output.AbstractByteArrayOutputStream.needNewBuffer(AbstractByteArrayOutputStream.java:104)
at org.apache.commons.io.output.UnsynchronizedByteArrayOutputStream.<init>(UnsynchronizedByteArrayOutputStream.java:51)
at org.apache.poi.util.IOUtils.peekFirstNBytes(IOUtils.java:139)
at org.apache.poi.poifs.filesystem.FileMagic.valueOf(FileMagic.java:209)
at org.apache.poi.openxml4j.opc.internal.ZipHelper.verifyZipHeader(ZipHelper.java:143)
at org.apache.poi.openxml4j.opc.internal.ZipHelper.openZipStream(ZipHelper.java:175)
at org.apache.poi.openxml4j.opc.ZipPackage.<init>(ZipPackage.java:130)
at org.apache.poi.openxml4j.opc.OPCPackage.open(OPCPackage.java:319)
at org.apache.poi.ooxml.util.PackageHelper.open(PackageHelper.java:59)
at org.apache.poi.xssf.usermodel.XSSFWorkbook.<init>(XSSFWorkbook.java:290)
at org.apache.poi.xssf.usermodel.XSSFWorkbook.<init>(XSSFWorkbook.java:286)
at com.utility.ExcelDataReader.<init>(ExcelDataReader.java:18)
at com.pageObjects.BaseClass.setUpSuite(BaseClass.java:32)
... Removed 19 stack frames]]>
    </failure>
  </testcase> <!-- @BeforeSuite setUpSuite -->
  <testcase classname="com.pageObjects.BaseClass" name="@BeforeClass setUp" time="0.0">
    <skipped/>
  </testcase> <!-- @BeforeClass setUp -->
  <testcase classname="com.pageObjects.BaseClass" name="@AfterMethod tearDownMethod" time="0.0">
    <skipped/>
  </testcase> <!-- @AfterMethod tearDownMethod -->
  <testcase classname="com.pageObjects.BaseClass" name="@AfterClass tearDown" time="0.0">
    <skipped/>
  </testcase> <!-- @AfterClass tearDown -->
  <testcase classname="com.testcases.LoginTest" name="loginApp" time="0.0">
    <skipped/>
  </testcase> <!-- loginApp -->
</testsuite> <!-- Test -->
